app/build/outputs/logs/manifest-merger-debug-report.txt
-- Merging decision tree log ---
manifest
ADDED from src/main/AndroidManifest.xml:2:1-112:12
	package
		ADDED from src/main/AndroidManifest.xml:3:5-37
		INJECTED from src/main/AndroidManifest.xml
		INJECTED from src/main/AndroidManifest.xml
	android:versionName
		ADDED from src/main/AndroidManifest.xml:5:5-30
	android:versionCode
		ADDED from src/main/AndroidManifest.xml:4:5-28
		INJECTED from src/main/AndroidManifest.xml
		INJECTED from src/main/AndroidManifest.xml
	xmlns:android
		ADDED from src/main/AndroidManifest.xml:2:11-69
uses-sdk
ADDED from src/main/AndroidManifest.xml:7:5-9:41
MERGED from [com.android.support:support-v4:20.0.0] AndroidManifest.xml:16:5-42
MERGED from [com.google.android.gms:play-services:4.4.52] AndroidManifest.xml:17:5-42
MERGED from [com.android.support:support-v4:20.0.0] AndroidManifest.xml:16:5-42
MERGED from [com.android.support:appcompat-v7:20.0.0] AndroidManifest.xml:16:5-42
MERGED from [com.android.support:support-v4:20.0.0] AndroidManifest.xml:16:5-42
	android:targetSdkVersion
		ADDED from src/main/AndroidManifest.xml:9:9-38
		INJECTED from src/main/AndroidManifest.xml
		INJECTED from src/main/AndroidManifest.xml
	android:minSdkVersion
		ADDED from src/main/AndroidManifest.xml:8:9-35
		INJECTED from src/main/AndroidManifest.xml
		INJECTED from src/main/AndroidManifest.xml
permission#nz.co.android.cowseye2.permission.MAPS_RECEIVE
ADDED from src/main/AndroidManifest.xml:11:5-13:47
	android:protectionLevel
		ADDED from src/main/AndroidManifest.xml:13:9-44
	android:name
		ADDED from src/main/AndroidManifest.xml:12:9-70
uses-permission#android.permission.INTERNET
ADDED from src/main/AndroidManifest.xml:15:5-67
	android:name
		ADDED from src/main/AndroidManifest.xml:15:22-64
uses-permission#android.permission.WRITE_EXTERNAL_STORAGE
ADDED from src/main/AndroidManifest.xml:16:5-81
	android:name
		ADDED from src/main/AndroidManifest.xml:16:22-78
uses-permission#android.permission.CAMERA
ADDED from src/main/AndroidManifest.xml:17:5-65
	android:name
		ADDED from src/main/AndroidManifest.xml:17:22-62
uses-permission#android.permission.ACCESS_NETWORK_STATE
ADDED from src/main/AndroidManifest.xml:18:5-79
	android:name
		ADDED from src/main/AndroidManifest.xml:18:22-76
uses-permission#android.permission.ACCESS_FINE_LOCATION
ADDED from src/main/AndroidManifest.xml:19:5-79
	android:name
		ADDED from src/main/AndroidManifest.xml:19:22-76
uses-permission#android.permission.ACCESS_COARSE_LOCATION
ADDED from src/main/AndroidManifest.xml:20:5-81
	android:name
		ADDED from src/main/AndroidManifest.xml:20:22-78
uses-permission#com.google.android.providers.gsf.permission.READ_GSERVICES
ADDED from src/main/AndroidManifest.xml:21:5-98
	android:name
		ADDED from src/main/AndroidManifest.xml:21:22-95
uses-permission#nz.co.android.cowseye2.permission.MAPS_RECEIVE
ADDED from src/main/AndroidManifest.xml:22:5-86
	android:name
		ADDED from src/main/AndroidManifest.xml:22:22-83
uses-permission#android.permission.ACCESS_WIFI_STATE
ADDED from src/main/AndroidManifest.xml:23:5-76
	android:name
		ADDED from src/main/AndroidManifest.xml:23:22-73
uses-permission#android.permission.ACCESS_STATE
ADDED from src/main/AndroidManifest.xml:24:5-71
	android:name
		ADDED from src/main/AndroidManifest.xml:24:22-68
uses-feature#0x00020000
ADDED from src/main/AndroidManifest.xml:30:5-32:35
	android:glEsVersion
		ADDED from src/main/AndroidManifest.xml:31:9-41
	android:required
		ADDED from src/main/AndroidManifest.xml:32:9-32
uses-feature#android.hardware.camera
ADDED from src/main/AndroidManifest.xml:33:5-83
	android:required
		ADDED from src/main/AndroidManifest.xml:33:58-81
	android:name
		ADDED from src/main/AndroidManifest.xml:33:19-57
application
ADDED from src/main/AndroidManifest.xml:35:5-110:19
MERGED from [com.android.support:support-v4:20.0.0] AndroidManifest.xml:17:5-19
MERGED from [com.google.android.gms:play-services:4.4.52] AndroidManifest.xml:18:5-19
MERGED from [com.android.support:support-v4:20.0.0] AndroidManifest.xml:17:5-19
MERGED from [com.android.support:appcompat-v7:20.0.0] AndroidManifest.xml:17:5-19
MERGED from [com.android.support:support-v4:20.0.0] AndroidManifest.xml:17:5-19
	android:label
		ADDED from src/main/AndroidManifest.xml:39:9-41
	android:allowBackup
		ADDED from src/main/AndroidManifest.xml:37:9-35
	android:icon
		ADDED from src/main/AndroidManifest.xml:38:9-42
	android:theme
		ADDED from src/main/AndroidManifest.xml:40:9-43
	android:name
		ADDED from src/main/AndroidManifest.xml:36:9-68
meta-data#com.google.android.gms.version
ADDED from src/main/AndroidManifest.xml:41:9-43:69
	android:value
		ADDED from src/main/AndroidManifest.xml:43:13-66
	android:name
		ADDED from src/main/AndroidManifest.xml:42:13-58
meta-data#com.google.android.maps.v2.API_KEY
ADDED from src/main/AndroidManifest.xml:47:9-49:71
	android:value
		ADDED from src/main/AndroidManifest.xml:49:13-68
	android:name
		ADDED from src/main/AndroidManifest.xml:48:13-62
activity#nz.co.android.cowseye2.activity.MainScreenActivity
ADDED from src/main/AndroidManifest.xml:51:9-61:20
	android:screenOrientation
		ADDED from src/main/AndroidManifest.xml:54:13-49
	android:label
		ADDED from src/main/AndroidManifest.xml:53:13-45
	android:theme
		ADDED from src/main/AndroidManifest.xml:55:13-47
	android:name
		ADDED from src/main/AndroidManifest.xml:52:13-78
intent-filter#android.intent.action.MAIN+android.intent.category.LAUNCHER
ADDED from src/main/AndroidManifest.xml:56:13-60:29
action#android.intent.action.MAIN
ADDED from src/main/AndroidManifest.xml:57:17-69
	android:name
		ADDED from src/main/AndroidManifest.xml:57:25-66
category#android.intent.category.LAUNCHER
ADDED from src/main/AndroidManifest.xml:59:17-77
	android:name
		ADDED from src/main/AndroidManifest.xml:59:27-74
activity#nz.co.android.cowseye2.activity.RecordLocationActivity
ADDED from src/main/AndroidManifest.xml:62:9-67:20
	android:screenOrientation
		ADDED from src/main/AndroidManifest.xml:65:13-49
	android:label
		ADDED from src/main/AndroidManifest.xml:64:13-50
	android:theme
		ADDED from src/main/AndroidManifest.xml:66:13-47
	android:name
		ADDED from src/main/AndroidManifest.xml:63:13-82
activity#nz.co.android.cowseye2.activity.DescriptionActivity
ADDED from src/main/AndroidManifest.xml:68:9-74:20
	android:screenOrientation
		ADDED from src/main/AndroidManifest.xml:71:13-49
	android:label
		ADDED from src/main/AndroidManifest.xml:70:13-54
	android:windowSoftInputMode
		ADDED from src/main/AndroidManifest.xml:73:13-61
	android:theme
		ADDED from src/main/AndroidManifest.xml:72:13-47
	android:name
		ADDED from src/main/AndroidManifest.xml:69:13-79
activity#nz.co.android.cowseye2.activity.SelectImageActivity
ADDED from src/main/AndroidManifest.xml:75:9-80:20
	android:screenOrientation
		ADDED from src/main/AndroidManifest.xml:78:13-49
	android:label
		ADDED from src/main/AndroidManifest.xml:77:13-55
	android:theme
		ADDED from src/main/AndroidManifest.xml:79:13-47
	android:name
		ADDED from src/main/AndroidManifest.xml:76:13-79
activity#nz.co.android.cowseye2.activity.PreviewActivity
ADDED from src/main/AndroidManifest.xml:81:9-86:20
	android:screenOrientation
		ADDED from src/main/AndroidManifest.xml:84:13-49
	android:label
		ADDED from src/main/AndroidManifest.xml:83:13-50
	android:theme
		ADDED from src/main/AndroidManifest.xml:85:13-47
	android:name
		ADDED from src/main/AndroidManifest.xml:82:13-75
activity#nz.co.android.cowseye2.activity.TakePictureActivity
ADDED from src/main/AndroidManifest.xml:87:9-91:20
	android:label
		ADDED from src/main/AndroidManifest.xml:89:13-55
	android:theme
		ADDED from src/main/AndroidManifest.xml:90:13-47
	android:name
		ADDED from src/main/AndroidManifest.xml:88:13-79
activity#nz.co.android.cowseye2.activity.IncidentGalleryActivity
ADDED from src/main/AndroidManifest.xml:92:9-97:20
	android:screenOrientation
		ADDED from src/main/AndroidManifest.xml:95:13-49
	android:label
		ADDED from src/main/AndroidManifest.xml:94:13-64
	android:theme
		ADDED from src/main/AndroidManifest.xml:96:13-47
	android:name
		ADDED from src/main/AndroidManifest.xml:93:13-83
activity#nz.co.android.cowseye2.activity.GridIncidentGalleryActivity
ADDED from src/main/AndroidManifest.xml:98:9-103:20
	android:screenOrientation
		ADDED from src/main/AndroidManifest.xml:101:13-49
	android:label
		ADDED from src/main/AndroidManifest.xml:100:13-61
	android:theme
		ADDED from src/main/AndroidManifest.xml:102:13-47
	android:name
		ADDED from src/main/AndroidManifest.xml:99:13-87
activity#nz.co.android.cowseye2.MainScreenActivity
ADDED from src/main/AndroidManifest.xml:104:9-105:48
	android:configChanges
		ADDED from src/main/AndroidManifest.xml:105:11-46
	android:name
		ADDED from src/main/AndroidManifest.xml:104:19-53
meta-data#com.crashlytics.ApiKey
ADDED from src/main/AndroidManifest.xml:107:9-109:72
	android:value
		ADDED from src/main/AndroidManifest.xml:109:13-69
	android:name
		ADDED from src/main/AndroidManifest.xml:108:13-50